2017-12-04 02:17:43	?	http://pv/?/	Error: 	Exception: SQLSTATE[HY000] [1045] Access denied for user 'admin'@'localhost' (using password: YES) (in /Volumes/Working/lmd-pv/wire/core/ProcessWire.php line 370)  #0 /Volumes/Working/lmd-pv/wire/core/ProcessWire.php(209): ProcessWire\ProcessWire->load(Object(ProcessWire\Config)) #1 /Volumes/Working/lmd-pv/index.php(52): ProcessWire\ProcessWire->__construct(Object(ProcessWire\Config)) #2 {main}
2017-12-04 06:57:38	guest	http://smart.dev/api/nav/	Error: 	Exception: Unable to create directory /Volumes/Working/Tele2/wire-vue/site-smart/assets/cache/FileCompiler/site-smart/templates/inc/ (in /Volumes/Working/Tele2/wire-vue/wire/core/FileCompiler.php line 212)  #0 /Volumes/Working/Tele2/wire-vue/wire/core/FileCompiler.php(286): ProcessWire\FileCompiler->initTargetPath() #1 [internal function]: ProcessWire\FileCompiler->___compile('ajax-request.ph...') #2 /Volumes/Working/Tele2/wire-vue/wire/core/Wire.php(374): call_user_func_array(Array, Array) #3 /Volumes/Working/Tele2/wire-vue/wire/core/WireHooks.php(549): ProcessWire\Wire->_callMethod('___compile', Array) #4 /Volumes/Working/Tele2/wire-vue/wire/core/Wire.php(399): ProcessWire\WireHooks->runHooks(Object(ProcessWire\FileCompiler), 'compile', Array) #5 /Volumes/Working/Tele2/wire-vue/wire/core/WireFileTools.php(782): ProcessWire\Wire->__call('compile', Array) #6 /Volumes/Working/Tele2/wire-vue/site-smart/assets/cache/FileCompiler/site-smart/templates/nav.php(3): ProcessWire\WireFileTools->compile('/Volumes/Workin
2017-12-10 16:56:59	admin	http://smart.dev/admin/module/	Error: 	Class 'ProcessWire\AdminThemeFramework' not found (line 16 of /Volumes/Working/Tele2/tele2-web/site-smart/modules/theme/AdminUikit.module)
2017-12-10 16:57:11	admin	http://smart.dev/?/	Error: 	Class 'ProcessWire\AdminThemeFramework' not found (line 16 of /Volumes/Working/Tele2/tele2-web/site-smart/modules/theme/AdminUikit.module)
2017-12-10 16:57:28	admin	http://smart.dev/?/	Error: 	Class 'ProcessWire\AdminThemeFramework' not found (line 16 of /Volumes/Working/Tele2/tele2-web/site-smart/modules/theme/AdminUikit.module)
2017-12-10 16:57:30	admin	http://smart.dev/?/	Error: 	Class 'ProcessWire\AdminThemeFramework' not found (line 16 of /Volumes/Working/Tele2/tele2-web/site-smart/modules/theme/AdminUikit.module)
2017-12-10 16:57:31	admin	http://smart.dev/?/	Error: 	Class 'ProcessWire\AdminThemeFramework' not found (line 16 of /Volumes/Working/Tele2/tele2-web/site-smart/modules/theme/AdminUikit.module)
2017-12-10 16:57:33	admin	http://smart.dev/?/	Error: 	Class 'ProcessWire\AdminThemeFramework' not found (line 16 of /Volumes/Working/Tele2/tele2-web/site-smart/modules/theme/AdminUikit.module)
2017-12-10 17:01:21	marko	http://smart.dev/admin/page/edit/	Error: 	Class 'ProcessWire\AdminThemeFramework' not found (line 16 of /Volumes/Working/Tele2/tele2-web/site-smart/modules/theme/AdminUikit.module)
2017-12-10 17:01:29	marko	http://smart.dev/?/	Error: 	Class 'ProcessWire\AdminThemeFramework' not found (line 16 of /Volumes/Working/Tele2/tele2-web/site-smart/modules/theme/AdminUikit.module)
2017-12-10 17:02:10	guest	http://smart.dev/?/	Error: 	Class 'ProcessWire\AdminThemeFramework' not found (line 16 of /Volumes/Working/Tele2/tele2-web/site-smart/modules/theme/AdminUikit.module)
2017-12-10 17:02:15	guest	http://smart.dev/?/	Error: 	Class 'ProcessWire\AdminThemeFramework' not found (line 16 of /Volumes/Working/Tele2/tele2-web/site-smart/modules/theme/AdminUikit.module)
2017-12-10 17:02:18	guest	http://smart.dev/?/	Error: 	Class 'ProcessWire\AdminThemeFramework' not found (line 16 of /Volumes/Working/Tele2/tele2-web/site-smart/modules/theme/AdminUikit.module)
2017-12-11 09:22:33	admin	http://smart.dev/admin/	Compile Error: 	Cannot declare interface ProcessWire\FieldtypeLanguageInterface, because the name is already in use (line 8 of /Volumes/Working/Tele2/tele2-web/wire/modules/LanguageSupport/FieldtypeLanguageInterface.php)
2017-12-11 09:22:50	admin	http://smart.dev/?/	Compile Error: 	Cannot declare interface ProcessWire\FieldtypeLanguageInterface, because the name is already in use (line 8 of /Volumes/Working/Tele2/tele2-web/wire/modules/LanguageSupport/FieldtypeLanguageInterface.php)
2017-12-11 09:22:51	admin	http://smart.dev/?/	Compile Error: 	Cannot declare interface ProcessWire\FieldtypeLanguageInterface, because the name is already in use (line 8 of /Volumes/Working/Tele2/tele2-web/wire/modules/LanguageSupport/FieldtypeLanguageInterface.php)
2017-12-11 09:24:25	admin	http://smart.dev/admin/	Error: 	Uncaught Error: Class 'ProcessWire\ProcessController' not found in /Volumes/Working/Tele2/tele2-web/wire/core/admin.php:101 Stack trace: #0 /Volumes/Working/Tele2/tele2-web/wire/modules/AdminTheme/AdminThemeDefault/controller.php(13): require() #1 /Volumes/Working/Tele2/tele2-web/site-smart/templates/admin.php(15): require('/Volumes/Workin...') #2 /Volumes/Working/Tele2/tele2-web/wire/core/TemplateFile.php(287): require('/Volumes/Workin...') #3 /Volumes/Working/Tele2/tele2-web/wire/core/Wire.php(380): ProcessWire\TemplateFile->___render() #4 /Volumes/Working/Tele2/tele2-web/wire/core/WireHooks.php(714): ProcessWire\Wire->_callMethod('___render', Array) #5 /Volumes/Working/Tele2/tele2-web/wire/core/Wire.php(442): ProcessWire\WireHooks->runHooks(Object(ProcessWire\TemplateFile), 'render', Array) #6 /Volumes/Working/Tele2/tele2-web/wire/modules/PageRender.module(514): ProcessWire\Wire->__call('render', Array) #7 /Volumes/Working/Tele2/tele2-web/wire/core/Wire.php(383): ProcessWire\PageRender->___renderPage(Objec (line 101 of /Volumes/Working/Tele2/tele2-web/wire/core/admin.php)
2017-12-11 09:24:29	admin	http://smart.dev/admin/	Error: 	Uncaught Error: Class 'ProcessWire\ProcessController' not found in /Volumes/Working/Tele2/tele2-web/wire/core/admin.php:101 Stack trace: #0 /Volumes/Working/Tele2/tele2-web/wire/modules/AdminTheme/AdminThemeDefault/controller.php(13): require() #1 /Volumes/Working/Tele2/tele2-web/site-smart/templates/admin.php(15): require('/Volumes/Workin...') #2 /Volumes/Working/Tele2/tele2-web/wire/core/TemplateFile.php(287): require('/Volumes/Workin...') #3 /Volumes/Working/Tele2/tele2-web/wire/core/Wire.php(380): ProcessWire\TemplateFile->___render() #4 /Volumes/Working/Tele2/tele2-web/wire/core/WireHooks.php(714): ProcessWire\Wire->_callMethod('___render', Array) #5 /Volumes/Working/Tele2/tele2-web/wire/core/Wire.php(442): ProcessWire\WireHooks->runHooks(Object(ProcessWire\TemplateFile), 'render', Array) #6 /Volumes/Working/Tele2/tele2-web/wire/modules/PageRender.module(514): ProcessWire\Wire->__call('render', Array) #7 /Volumes/Working/Tele2/tele2-web/wire/core/Wire.php(383): ProcessWire\PageRender->___renderPage(Objec (line 101 of /Volumes/Working/Tele2/tele2-web/wire/core/admin.php)
2017-12-11 09:24:30	admin	http://smart.dev/admin/	Error: 	Uncaught Error: Class 'ProcessWire\ProcessController' not found in /Volumes/Working/Tele2/tele2-web/wire/core/admin.php:101 Stack trace: #0 /Volumes/Working/Tele2/tele2-web/wire/modules/AdminTheme/AdminThemeDefault/controller.php(13): require() #1 /Volumes/Working/Tele2/tele2-web/site-smart/templates/admin.php(15): require('/Volumes/Workin...') #2 /Volumes/Working/Tele2/tele2-web/wire/core/TemplateFile.php(287): require('/Volumes/Workin...') #3 /Volumes/Working/Tele2/tele2-web/wire/core/Wire.php(380): ProcessWire\TemplateFile->___render() #4 /Volumes/Working/Tele2/tele2-web/wire/core/WireHooks.php(714): ProcessWire\Wire->_callMethod('___render', Array) #5 /Volumes/Working/Tele2/tele2-web/wire/core/Wire.php(442): ProcessWire\WireHooks->runHooks(Object(ProcessWire\TemplateFile), 'render', Array) #6 /Volumes/Working/Tele2/tele2-web/wire/modules/PageRender.module(514): ProcessWire\Wire->__call('render', Array) #7 /Volumes/Working/Tele2/tele2-web/wire/core/Wire.php(383): ProcessWire\PageRender->___renderPage(Objec (line 101 of /Volumes/Working/Tele2/tele2-web/wire/core/admin.php)
2017-12-11 09:24:31	admin	http://smart.dev/admin/	Error: 	Uncaught Error: Class 'ProcessWire\ProcessController' not found in /Volumes/Working/Tele2/tele2-web/wire/core/admin.php:101 Stack trace: #0 /Volumes/Working/Tele2/tele2-web/wire/modules/AdminTheme/AdminThemeDefault/controller.php(13): require() #1 /Volumes/Working/Tele2/tele2-web/site-smart/templates/admin.php(15): require('/Volumes/Workin...') #2 /Volumes/Working/Tele2/tele2-web/wire/core/TemplateFile.php(287): require('/Volumes/Workin...') #3 /Volumes/Working/Tele2/tele2-web/wire/core/Wire.php(380): ProcessWire\TemplateFile->___render() #4 /Volumes/Working/Tele2/tele2-web/wire/core/WireHooks.php(714): ProcessWire\Wire->_callMethod('___render', Array) #5 /Volumes/Working/Tele2/tele2-web/wire/core/Wire.php(442): ProcessWire\WireHooks->runHooks(Object(ProcessWire\TemplateFile), 'render', Array) #6 /Volumes/Working/Tele2/tele2-web/wire/modules/PageRender.module(514): ProcessWire\Wire->__call('render', Array) #7 /Volumes/Working/Tele2/tele2-web/wire/core/Wire.php(383): ProcessWire\PageRender->___renderPage(Objec (line 101 of /Volumes/Working/Tele2/tele2-web/wire/core/admin.php)
2017-12-11 09:24:56	admin	http://smart.dev/admin/	Error: 	Uncaught Error: Class 'ProcessWire\ProcessController' not found in /Volumes/Working/Tele2/tele2-web/wire/core/admin.php:101 Stack trace: #0 /Volumes/Working/Tele2/tele2-web/wire/modules/AdminTheme/AdminThemeDefault/controller.php(13): require() #1 /Volumes/Working/Tele2/tele2-web/site-smart/templates/admin.php(15): require('/Volumes/Workin...') #2 /Volumes/Working/Tele2/tele2-web/wire/core/TemplateFile.php(287): require('/Volumes/Workin...') #3 /Volumes/Working/Tele2/tele2-web/wire/core/Wire.php(380): ProcessWire\TemplateFile->___render() #4 /Volumes/Working/Tele2/tele2-web/wire/core/WireHooks.php(714): ProcessWire\Wire->_callMethod('___render', Array) #5 /Volumes/Working/Tele2/tele2-web/wire/core/Wire.php(442): ProcessWire\WireHooks->runHooks(Object(ProcessWire\TemplateFile), 'render', Array) #6 /Volumes/Working/Tele2/tele2-web/wire/modules/PageRender.module(514): ProcessWire\Wire->__call('render', Array) #7 /Volumes/Working/Tele2/tele2-web/wire/core/Wire.php(383): ProcessWire\PageRender->___renderPage(Objec (line 101 of /Volumes/Working/Tele2/tele2-web/wire/core/admin.php)
2017-12-11 09:25:16	admin	http://smart.dev/admin/	Error: 	Uncaught Error: Class 'ProcessWire\ProcessController' not found in /Volumes/Working/Tele2/tele2-web/wire/core/admin.php:101 Stack trace: #0 /Volumes/Working/Tele2/tele2-web/wire/modules/AdminTheme/AdminThemeDefault/controller.php(13): require() #1 /Volumes/Working/Tele2/tele2-web/site-smart/templates/admin.php(15): require('/Volumes/Workin...') #2 /Volumes/Working/Tele2/tele2-web/wire/core/TemplateFile.php(287): require('/Volumes/Workin...') #3 /Volumes/Working/Tele2/tele2-web/wire/core/Wire.php(380): ProcessWire\TemplateFile->___render() #4 /Volumes/Working/Tele2/tele2-web/wire/core/WireHooks.php(714): ProcessWire\Wire->_callMethod('___render', Array) #5 /Volumes/Working/Tele2/tele2-web/wire/core/Wire.php(442): ProcessWire\WireHooks->runHooks(Object(ProcessWire\TemplateFile), 'render', Array) #6 /Volumes/Working/Tele2/tele2-web/wire/modules/PageRender.module(514): ProcessWire\Wire->__call('render', Array) #7 /Volumes/Working/Tele2/tele2-web/wire/core/Wire.php(383): ProcessWire\PageRender->___renderPage(Objec (line 101 of /Volumes/Working/Tele2/tele2-web/wire/core/admin.php)
2017-12-11 11:08:54	admin	http://smart.dev/admin/setup/field/	Error: 	Maximum execution time of 30 seconds exceeded (line 329 of /Volumes/Working/Tele2/tele2-web/wire/core/WireData.php)
2017-12-11 11:09:30	admin	http://smart.dev/admin/setup/field/	Error: 	Maximum execution time of 30 seconds exceeded (line 994 of /Volumes/Working/Tele2/tele2-web/wire/core/Page.php)
2017-12-11 11:16:59	admin	http://smart.dev/admin/setup/field/	Error: 	Maximum execution time of 300 seconds exceeded (line 1292 of /Volumes/Working/Tele2/tele2-web/wire/core/Page.php)
2017-12-11 11:28:06	admin	http://smart.dev/admin/setup/field/	Error: 	Maximum execution time of 300 seconds exceeded (line 1292 of /Volumes/Working/Tele2/tele2-web/wire/core/Page.php)
2017-12-11 11:33:58	admin	http://smart.dev/admin/page/	Error: 	Maximum execution time of 300 seconds exceeded (line 1292 of /Volumes/Working/Tele2/tele2-web/wire/core/Page.php)
2017-12-11 13:03:59	admin	http://smart.dev/admin/setup/field/	Error: 	Maximum execution time of 300 seconds exceeded (line 1292 of /Volumes/Working/Tele2/tele2-web/wire/core/Page.php)
2017-12-11 13:09:16	admin	http://smart.dev/admin/setup/field/	Error: 	Maximum execution time of 300 seconds exceeded (line 329 of /Volumes/Working/Tele2/tele2-web/wire/core/WireData.php)
2017-12-11 14:11:11	admin	http://smart.dev/admin/module/	Compile Error: 	require(): Failed opening required '/Volumes/Working/Tele2/tele2-web/site-smart/modules/controller.php' (include_path='.:/Applications/MAMP/bin/php/php7.1.1/lib/php') (line 15 of /Volumes/Working/Tele2/tele2-web/site-smart/templates/admin.php)
2017-12-11 14:11:21	admin	http://smart.dev/admin/module/	Compile Error: 	require(): Failed opening required '/Volumes/Working/Tele2/tele2-web/site-smart/modules/controller.php' (include_path='.:/Applications/MAMP/bin/php/php7.1.1/lib/php') (line 15 of /Volumes/Working/Tele2/tele2-web/site-smart/templates/admin.php)
2017-12-11 14:11:22	admin	http://smart.dev/admin/module/	Compile Error: 	require(): Failed opening required '/Volumes/Working/Tele2/tele2-web/site-smart/modules/controller.php' (include_path='.:/Applications/MAMP/bin/php/php7.1.1/lib/php') (line 15 of /Volumes/Working/Tele2/tele2-web/site-smart/templates/admin.php)
2017-12-11 14:12:57	admin	http://smart.dev/admin/page/	Compile Error: 	require(): Failed opening required '/Volumes/Working/Tele2/tele2-web/site-smart/modules/controller.php' (include_path='.:/Applications/MAMP/bin/php/php7.1.1/lib/php') (line 15 of /Volumes/Working/Tele2/tele2-web/site-smart/templates/admin.php)
2017-12-11 14:15:42	admin	http://smart.dev/admin/module/	Error: 	Uncaught Error: Call to undefined function ProcessWire\AdminThemeUikitConfig() in /Volumes/Working/Tele2/tele2-web/site-smart/modules/admin-theme/AdminThemeUikit.module:998 Stack trace: #0 /Volumes/Working/Tele2/tele2-web/wire/core/Modules.php(3618): ProcessWire\AdminThemeUikit->getModuleConfigInputfields(Object(ProcessWire\InputfieldWrapper)) #1 /Volumes/Working/Tele2/tele2-web/wire/core/Wire.php(383): ProcessWire\Modules->___getModuleConfigInputfields('AdminThemeUikit') #2 /Volumes/Working/Tele2/tele2-web/wire/core/WireHooks.php(714): ProcessWire\Wire->_callMethod('___getModuleCon...', Array) #3 /Volumes/Working/Tele2/tele2-web/wire/core/Wire.php(442): ProcessWire\WireHooks->runHooks(Object(ProcessWire\Modules), 'getModuleConfig...', Array) #4 /Volumes/Working/Tele2/tele2-web/wire/modules/Process/ProcessModule/ProcessModule.module(1213): ProcessWire\Wire->__call('getModuleConfig...', Array) #5 /Volumes/Working/Tele2/tele2-web/wire/modules/Process/ProcessModule/ProcessModule.module(1136): ProcessWire\Process (line 998 of /Volumes/Working/Tele2/tele2-web/site-smart/modules/admin-theme/AdminThemeUikit.module)
2017-12-11 14:17:09	admin	http://smart.dev/admin/module/	Error: 	Uncaught Error: Call to undefined function ProcessWire\AdminThemeUikitConfig() in /Volumes/Working/Tele2/tele2-web/site-smart/modules/admin-theme/AdminThemeUikit.module:998 Stack trace: #0 /Volumes/Working/Tele2/tele2-web/wire/core/Modules.php(3618): ProcessWire\AdminThemeUikit->getModuleConfigInputfields(Object(ProcessWire\InputfieldWrapper)) #1 /Volumes/Working/Tele2/tele2-web/wire/core/Wire.php(383): ProcessWire\Modules->___getModuleConfigInputfields('AdminThemeUikit') #2 /Volumes/Working/Tele2/tele2-web/wire/core/WireHooks.php(714): ProcessWire\Wire->_callMethod('___getModuleCon...', Array) #3 /Volumes/Working/Tele2/tele2-web/wire/core/Wire.php(442): ProcessWire\WireHooks->runHooks(Object(ProcessWire\Modules), 'getModuleConfig...', Array) #4 /Volumes/Working/Tele2/tele2-web/wire/modules/Process/ProcessModule/ProcessModule.module(1213): ProcessWire\Wire->__call('getModuleConfig...', Array) #5 /Volumes/Working/Tele2/tele2-web/wire/modules/Process/ProcessModule/ProcessModule.module(1136): ProcessWire\Process (line 998 of /Volumes/Working/Tele2/tele2-web/site-smart/modules/admin-theme/AdminThemeUikit.module)
2017-12-11 14:17:16	admin	http://smart.dev/admin/module/	Error: 	Uncaught Error: Call to undefined function ProcessWire\AdminThemeUikitConfig() in /Volumes/Working/Tele2/tele2-web/site-smart/modules/admin-theme/AdminThemeUikit.module:998 Stack trace: #0 /Volumes/Working/Tele2/tele2-web/wire/core/Modules.php(3618): ProcessWire\AdminThemeUikit->getModuleConfigInputfields(Object(ProcessWire\InputfieldWrapper)) #1 /Volumes/Working/Tele2/tele2-web/wire/core/Wire.php(383): ProcessWire\Modules->___getModuleConfigInputfields('AdminThemeUikit') #2 /Volumes/Working/Tele2/tele2-web/wire/core/WireHooks.php(714): ProcessWire\Wire->_callMethod('___getModuleCon...', Array) #3 /Volumes/Working/Tele2/tele2-web/wire/core/Wire.php(442): ProcessWire\WireHooks->runHooks(Object(ProcessWire\Modules), 'getModuleConfig...', Array) #4 /Volumes/Working/Tele2/tele2-web/wire/modules/Process/ProcessModule/ProcessModule.module(1213): ProcessWire\Wire->__call('getModuleConfig...', Array) #5 /Volumes/Working/Tele2/tele2-web/wire/modules/Process/ProcessModule/ProcessModule.module(1136): ProcessWire\Process (line 998 of /Volumes/Working/Tele2/tele2-web/site-smart/modules/admin-theme/AdminThemeUikit.module)
